TN:
SF:src\app\actions\SubmitArticle.ts
FN:10,get
FN:16,execute
FN:11,SubmitArticle
FNF:3
FNH:3
FNDA:1,get
FNDA:1,execute
FNDA:1,SubmitArticle
DA:1,1
DA:2,1
DA:3,1
DA:4,1
DA:5,1
DA:6,1
DA:7,1
DA:8,1
DA:9,1
DA:10,1
DA:11,1
DA:12,1
DA:13,1
DA:14,1
DA:15,1
DA:16,1
DA:17,1
DA:18,1
DA:19,0
DA:20,0
DA:21,1
DA:22,1
DA:23,1
DA:24,0
DA:25,0
DA:26,1
DA:27,1
DA:28,1
DA:29,1
DA:30,1
DA:31,1
DA:32,1
DA:33,1
DA:34,1
LF:34
LH:30
BRDA:10,0,0,1
BRDA:16,1,0,1
BRDA:18,2,0,0
BRDA:23,3,0,0
BRDA:11,4,0,1
BRF:5
BRH:3
end_of_record
TN:
SF:src\core\entities\Article.ts
FN:8,get
FN:12,create
FN:9,Article
FNF:3
FNH:3
FNDA:1,get
FNDA:1,create
FNDA:1,Article
DA:1,1
DA:2,1
DA:3,1
DA:4,1
DA:5,1
DA:6,1
DA:7,1
DA:8,1
DA:9,1
DA:10,1
DA:11,1
DA:12,1
DA:13,1
DA:14,0
DA:15,0
DA:16,1
DA:17,0
DA:18,0
DA:19,1
DA:20,1
DA:21,1
LF:21
LH:17
BRDA:8,0,0,1
BRDA:12,1,0,1
BRDA:13,2,0,0
BRDA:16,3,0,0
BRDA:9,4,0,1
BRF:5
BRH:3
end_of_record
TN:
SF:src\core\entities\ArticleSubmission.ts
FN:9,get
FN:13,create
FN:10,ArticleSubmission
FNF:3
FNH:3
FNDA:1,get
FNDA:1,create
FNDA:1,ArticleSubmission
DA:1,1
DA:2,1
DA:3,1
DA:4,1
DA:5,1
DA:6,1
DA:7,1
DA:8,1
DA:9,1
DA:10,1
DA:11,1
DA:12,1
DA:13,1
DA:14,1
DA:15,1
DA:16,1
DA:17,1
DA:18,1
DA:19,1
DA:20,1
LF:20
LH:20
BRDA:9,0,0,1
BRDA:13,1,0,1
BRDA:16,2,0,0
BRDA:10,3,0,1
BRF:4
BRH:3
end_of_record
TN:
SF:src\core\entities\Student.ts
FN:8,get
FN:12,create
FN:9,Student
FNF:3
FNH:3
FNDA:1,get
FNDA:1,create
FNDA:1,Student
DA:1,1
DA:2,1
DA:3,1
DA:4,1
DA:5,1
DA:6,1
DA:7,1
DA:8,1
DA:9,1
DA:10,1
DA:11,1
DA:12,1
DA:13,1
DA:14,1
DA:15,1
LF:15
LH:15
BRDA:8,0,0,1
BRDA:12,1,0,1
BRDA:9,2,0,1
BRF:3
BRH:3
end_of_record
TN:
SF:src\core\model\Entity.ts
FN:2,get
FN:6,get id
FN:9,Entity
FNF:3
FNH:3
FNDA:3,get
FNDA:4,get id
FNDA:3,Entity
DA:1,1
DA:2,1
DA:3,1
DA:4,1
DA:5,1
DA:6,1
DA:7,4
DA:8,4
DA:9,1
DA:10,3
DA:11,3
DA:12,3
DA:13,1
LF:13
LH:13
BRDA:2,0,0,3
BRDA:6,1,0,4
BRDA:9,2,0,3
BRDA:11,3,0,0
BRF:4
BRH:3
end_of_record
TN:
SF:testRepository\inMemoryArticleRepository.ts
FN:4,get
FN:6,findById
FNF:2
FNH:2
FNDA:1,get
FNDA:1,findById
DA:1,1
DA:2,1
DA:3,1
DA:4,1
DA:5,1
DA:6,1
DA:7,1
DA:8,1
DA:9,1
LF:9
LH:9
BRDA:4,0,0,1
BRDA:6,1,0,1
BRDA:7,2,0,0
BRDA:7,3,0,1
BRF:4
BRH:3
end_of_record
TN:
SF:testRepository\inMemoryStudentRepository.ts
FN:4,get
FN:6,findById
FNF:2
FNH:2
FNDA:1,get
FNDA:1,findById
DA:1,1
DA:2,1
DA:3,1
DA:4,1
DA:5,1
DA:6,1
DA:7,1
DA:8,1
DA:9,1
LF:9
LH:9
BRDA:4,0,0,1
BRDA:6,1,0,1
BRDA:7,2,0,0
BRDA:7,3,0,1
BRF:4
BRH:3
end_of_record
